<?xml version="1.0" encoding="UTF-8"?>
<!-- Generated by org.testng.reporters.JUnitXMLReporter -->
<testsuite ignored="0" hostname="XOR-BSA-39" failures="0" tests="1" name="Default test(failed)" time="0.119" errors="0" timestamp="2022-11-26T14:29:49 IST">
  <testcase classname="TestNGPractice.FirstTestNG" name="@BeforeClass testSetup" time="0.062">
    <failure type="java.lang.IllegalStateException" message="The path to the driver executable The path to the driver executable must be set by the webdriver.chrome.driver system property; for more information, see https://github.com/SeleniumHQ/selenium/wiki/ChromeDriver. The latest version can be downloaded from https://chromedriver.storage.googleapis.com/index.html">
      <![CDATA[java.lang.IllegalStateException: The path to the driver executable The path to the driver executable must be set by the webdriver.chrome.driver system property; for more information, see https://github.com/SeleniumHQ/selenium/wiki/ChromeDriver. The latest version can be downloaded from https://chromedriver.storage.googleapis.com/index.html
at org.openqa.selenium.internal.Require$StateChecker.nonNull(Require.java:280)
at org.openqa.selenium.remote.service.DriverService.findExecutable(DriverService.java:135)
at org.openqa.selenium.chrome.ChromeDriverService.access$000(ChromeDriverService.java:38)
at org.openqa.selenium.chrome.ChromeDriverService$Builder.findDefaultExecutable(ChromeDriverService.java:231)
at org.openqa.selenium.remote.service.DriverService$Builder.build(DriverService.java:437)
at org.openqa.selenium.chrome.ChromeDriverService.createDefaultService(ChromeDriverService.java:127)
at org.openqa.selenium.chrome.ChromeDriver.<init>(ChromeDriver.java:46)
at TestNGPractice.FirstTestNG.testSetup(FirstTestNG.java:18)
at java.base/java.util.ArrayList.forEach(ArrayList.java:1511)
... Removed 25 stack frames]]>
    </failure>
  </testcase> <!-- @BeforeClass testSetup -->
  <testcase classname="TestNGPractice.FirstTestNG" name="@BeforeMethod openBroswer" time="-1.66945318915E9">
    <skipped/>
  </testcase> <!-- @BeforeMethod openBroswer -->
  <testcase classname="TestNGPractice.FirstTestNG" name="@AfterMethod afterSignup" time="-1.669453189159E9">
    <skipped/>
  </testcase> <!-- @AfterMethod afterSignup -->
  <testcase classname="TestNGPractice.FirstTestNG" name="@AfterClass closeBrowser" time="-1.669453189162E9">
    <skipped/>
  </testcase> <!-- @AfterClass closeBrowser -->
  <testcase classname="TestNGPractice.FirstTestNG" name="signUp" time="0.0">
    <skipped/>
  </testcase> <!-- signUp -->
</testsuite> <!-- Default test(failed) -->
